#
# There is insufficient memory for the Java Runtime Environment to continue.
# Native memory allocation (malloc) failed to allocate 1927984 bytes for Chunk::new
# Possible reasons:
#   The system is out of physical RAM or swap space
#   In 32 bit mode, the process size limit was hit
# Possible solutions:
#   Reduce memory load on the system
#   Increase physical memory or swap space
#   Check if swap backing store is full
#   Use 64 bit Java on a 64 bit OS
#   Decrease Java heap size (-Xmx/-Xms)
#   Decrease number of Java threads
#   Decrease Java thread stack sizes (-Xss)
#   Set larger code cache with -XX:ReservedCodeCacheSize=
# This output file may be truncated or incomplete.
#
#  Out of Memory Error (allocation.cpp:390), pid=10804, tid=0x0000000000000ce8
#
# JRE version: OpenJDK Runtime Environment (8.0_152-b01) (build 1.8.0_152-release-915-b01)
# Java VM: OpenJDK 64-Bit Server VM (25.152-b01 mixed mode windows-amd64 compressed oops)
# Failed to write core dump. Minidumps are not enabled by default on client versions of Windows
#

---------------  T H R E A D  ---------------

Current thread (0x000000001abf1800):  JavaThread "C2 CompilerThread2" daemon [_thread_in_native, id=3304, stack(0x000000001b5b0000,0x000000001b6b0000)]

Stack: [0x000000001b5b0000,0x000000001b6b0000]
[error occurred during error reporting (printing stack bounds), id 0xc0000005]

Native frames: (J=compiled Java code, j=interpreted, Vv=VM code, C=native code)


Current CompileTask:
C2:   1495 1302       4       java.net.URLClassLoader$1::run (5 bytes)


---------------  P R O C E S S  ---------------

Java Threads: ( => current thread )
  0x000000001ce7e000 JavaThread "Cache worker for file hash cache (C:\Users\akhil\Documents\Apps\EarthquakePreparednessProject\.gradle\4.1\fileHashes)" [_thread_blocked, id=3900, stack(0x000000001f9c0000,0x000000001fac0000)]
  0x000000001c9e8000 JavaThread "File lock request listener" [_thread_in_native, id=4820, stack(0x000000001f6c0000,0x000000001f7c0000)]
  0x000000001c9e7800 JavaThread "Cache worker for file hash cache (C:\Users\akhil\.gradle\caches\4.1\fileHashes)" [_thread_blocked, id=10924, stack(0x000000001f5c0000,0x000000001f6c0000)]
  0x000000001ca7e800 JavaThread "Stdin handler" [_thread_blocked, id=2480, stack(0x000000001f3c0000,0x000000001f4c0000)]
  0x000000001ca88800 JavaThread "Asynchronous log dispatcher for DefaultDaemonConnection: socket connection from /127.0.0.1:54760 to /127.0.0.1:54761" [_thread_blocked, id=14072, stack(0x000000001f2c0000,0x000000001f3c0000)]
  0x000000001d3b2000 JavaThread "Daemon worker" [_thread_in_native, id=13048, stack(0x000000001f1c0000,0x000000001f2c0000)]
  0x000000001d062000 JavaThread "Cancel handler" [_thread_blocked, id=3120, stack(0x000000001f0c0000,0x000000001f1c0000)]
  0x000000001c7cc000 JavaThread "Handler for socket connection from /127.0.0.1:54760 to /127.0.0.1:54761" [_thread_in_native, id=1208, stack(0x000000001edc0000,0x000000001eec0000)]
  0x000000001c827000 JavaThread "Daemon" [_thread_blocked, id=11244, stack(0x000000001ecc0000,0x000000001edc0000)]
  0x000000001c918000 JavaThread "Daemon periodic checks" [_thread_blocked, id=11076, stack(0x000000001ebc0000,0x000000001ecc0000)]
  0x000000001cd91800 JavaThread "Incoming local TCP Connector on port 54760" [_thread_in_native, id=5404, stack(0x000000001d180000,0x000000001d280000)]
  0x000000001ac7e800 JavaThread "Service Thread" daemon [_thread_blocked, id=952, stack(0x000000001b7b0000,0x000000001b8b0000)]
  0x0000000018cce000 JavaThread "C1 CompilerThread3" daemon [_thread_blocked, id=8592, stack(0x000000001b6b0000,0x000000001b7b0000)]
=>0x000000001abf1800 JavaThread "C2 CompilerThread2" daemon [_thread_in_native, id=3304, stack(0x000000001b5b0000,0x000000001b6b0000)]
  0x000000001abef000 JavaThread "C2 CompilerThread1" daemon [_thread_blocked, id=4944, stack(0x000000001b4b0000,0x000000001b5b0000)]
  0x000000001abed000 JavaThread "C2 CompilerThread0" daemon [_thread_in_native, id=13332, stack(0x000000001b3b0000,0x000000001b4b0000)]
  0x000000001abe7000 JavaThread "Attach Listener" daemon [_thread_blocked, id=13216, stack(0x000000001b2b0000,0x000000001b3b0000)]
  0x000000001abf6000 JavaThread "Signal Dispatcher" daemon [_thread_blocked, id=10624, stack(0x000000001b1b0000,0x000000001b2b0000)]
  0x000000001abe0800 JavaThread "Finalizer" daemon [_thread_blocked, id=13228, stack(0x000000001afc0000,0x000000001b0c0000)]
  0x0000000018cbb800 JavaThread "Reference Handler" daemon [_thread_blocked, id=7788, stack(0x000000001aac0000,0x000000001abc0000)]
  0x0000000004cfe000 JavaThread "main" [_thread_blocked, id=6700, stack(0x0000000004d00000,0x0000000004e00000)]

Other Threads:
  0x0000000018cb6800 VMThread [stack: 0x000000001a9c0000,0x000000001aac0000] [id=5216]
  0x000000001ac1a800 WatcherThread [stack: 0x000000001b8b0000,0x000000001b9b0000] [id=13400]

VM state:not at safepoint (normal execution)

VM Mutex/Monitor currently owned by a thread: None

Heap:
 PSYoungGen      total 76288K, used 61897K [0x00000000e0000000, 0x00000000e5500000, 0x0000000100000000)
  eden space 65536K, 82% used [0x00000000e0000000,0x00000000e34c9aa0,0x00000000e4000000)
  from space 10752K, 72% used [0x00000000e4000000,0x00000000e47a8d58,0x00000000e4a80000)
  to   space 10752K, 0% used [0x00000000e4a80000,0x00000000e4a80000,0x00000000e5500000)
 ParOldGen       total 175104K, used 16K [0x00000000a0000000, 0x00000000aab00000, 0x00000000e0000000)
  object space 175104K, 0% used [0x00000000a0000000,0x00000000a0004000,0x00000000aab00000)
 Metaspace       used 17169K, capacity 17636K, committed 17792K, reserved 1064960K
  class space    used 2455K, capacity 2620K, committed 2688K, reserved 1048576K

Card table byte_map: [0x00000000142c0000,0x00000000145d0000] byte_map_base: 0x0000000013dc0000

Marking Bits: (ParMarkBitMap*) 0x0000000051d13950
 Begin Bits: [0x0000000014fd0000, 0x00000000167d0000)
 End Bits:   [0x00000000167d0000, 0x0000000017fd0000)

Polling page: 0x0000000003440000

CodeCache: size=245760Kb used=5229Kb max_used=5242Kb free=240530Kb
 bounds [0x0000000004f00000, 0x0000000005430000, 0x0000000013f00000]
 total_blobs=1928 nmethods=1550 adapters=291
 compilation: enabled

Compilation events (10 events):
Event: 1.484 Thread 0x0000000018cce000 nmethod 1551 0x000000000541ad10 code [0x000000000541aee0, 0x000000000541b738]
Event: 1.485 Thread 0x0000000018cce000 1552       3       java.lang.AbstractStringBuilder::append (50 bytes)
Event: 1.485 Thread 0x0000000018cce000 nmethod 1552 0x000000000541b990 code [0x000000000541bb60, 0x000000000541c2b8]
Event: 1.486 Thread 0x0000000018cce000 1553       3       java.util.regex.Pattern$5::isSatisfiedBy (28 bytes)
Event: 1.487 Thread 0x0000000018cce000 nmethod 1553 0x000000000541c5d0 code [0x000000000541c760, 0x000000000541caf8]
Event: 1.487 Thread 0x0000000018cce000 1554       3       java.util.regex.Pattern$BitClass::isSatisfiedBy (22 bytes)
Event: 1.487 Thread 0x0000000018cce000 nmethod 1554 0x0000000005417250 code [0x00000000054173c0, 0x00000000054175d0]
Event: 1.491 Thread 0x000000001abef000 nmethod 1548 0x00000000054203d0 code [0x0000000005420580, 0x0000000005421140]
Event: 1.491 Thread 0x000000001abef000 1549       4       java.io.DataInputStream::readLong (128 bytes)
Event: 1.493 Thread 0x000000001abef000 nmethod 1549 0x000000000541d210 code [0x000000000541d360, 0x000000000541d4d8]

GC Heap History (2 events):
Event: 0.935 GC heap before
{Heap before GC invocations=1 (full 0):
 PSYoungGen      total 76288K, used 65536K [0x00000000e0000000, 0x00000000e5500000, 0x0000000100000000)
  eden space 65536K, 100% used [0x00000000e0000000,0x00000000e4000000,0x00000000e4000000)
  from space 10752K, 0% used [0x00000000e4a80000,0x00000000e4a80000,0x00000000e5500000)
  to   space 10752K, 0% used [0x00000000e4000000,0x00000000e4000000,0x00000000e4a80000)
 ParOldGen       total 175104K, used 0K [0x00000000a0000000, 0x00000000aab00000, 0x00000000e0000000)
  object space 175104K, 0% used [0x00000000a0000000,0x00000000a0000000,0x00000000aab00000)
 Metaspace       used 11753K, capacity 12036K, committed 12160K, reserved 1060864K
  class space    used 1551K, capacity 1660K, committed 1664K, reserved 1048576K
Event: 0.941 GC heap after
Heap after GC invocations=1 (full 0):
 PSYoungGen      total 76288K, used 7843K [0x00000000e0000000, 0x00000000e5500000, 0x0000000100000000)
  eden space 65536K, 0% used [0x00000000e0000000,0x00000000e0000000,0x00000000e4000000)
  from space 10752K, 72% used [0x00000000e4000000,0x00000000e47a8d58,0x00000000e4a80000)
  to   space 10752K, 0% used [0x00000000e4a80000,0x00000000e4a80000,0x00000000e5500000)
 ParOldGen       total 175104K, used 16K [0x00000000a0000000, 0x00000000aab00000, 0x00000000e0000000)
  object space 175104K, 0% used [0x00000000a0000000,0x00000000a0004000,0x00000000aab00000)
 Metaspace       used 11753K, capacity 12036K, committed 12160K, reserved 1060864K
  class space    used 1551K, capacity 1660K, committed 1664K, reserved 1048576K
}

Deoptimization events (10 events):
Event: 0.954 Thread 0x000000001d3b2000 Uncommon trap: reason=bimorphic action=maybe_recompile pc=0x00000000051f75d4 method=java.util.HashMap.putVal(ILjava/lang/Object;Ljava/lang/Object;ZZ)Ljava/lang/Object; @ 253
Event: 1.095 Thread 0x000000001d3b2000 Uncommon trap: reason=class_check action=maybe_recompile pc=0x000000000515ac9c method=java.util.regex.Matcher.match(II)Z @ 86
Event: 1.096 Thread 0x000000001d3b2000 Uncommon trap: reason=class_check action=maybe_recompile pc=0x000000000515ac9c method=java.util.regex.Matcher.match(II)Z @ 86
Event: 1.136 Thread 0x000000001d3b2000 Uncommon trap: reason=unstable_if action=reinterpret pc=0x0000000005351234 method=java.lang.String.lastIndexOf([CII[CIII)I @ 66
Event: 1.426 Thread 0x000000001d3b2000 Uncommon trap: reason=bimorphic action=maybe_recompile pc=0x0000000005360e18 method=java.lang.ClassLoader.loadClass(Ljava/lang/String;Z)Ljava/lang/Class; @ 38
Event: 1.426 Thread 0x000000001d3b2000 Uncommon trap: reason=bimorphic action=maybe_recompile pc=0x0000000005360e18 method=java.lang.ClassLoader.loadClass(Ljava/lang/String;Z)Ljava/lang/Class; @ 38
Event: 1.427 Thread 0x000000001d3b2000 Uncommon trap: reason=bimorphic action=maybe_recompile pc=0x0000000005360e18 method=java.lang.ClassLoader.loadClass(Ljava/lang/String;Z)Ljava/lang/Class; @ 38
Event: 1.427 Thread 0x000000001d3b2000 Uncommon trap: reason=bimorphic action=maybe_recompile pc=0x0000000005360e18 method=java.lang.ClassLoader.loadClass(Ljava/lang/String;Z)Ljava/lang/Class; @ 38
Event: 1.478 Thread 0x000000001d3b2000 Uncommon trap: reason=unstable_if action=reinterpret pc=0x00000000051ac4c8 method=java.lang.AbstractStringBuilder.append(Ljava/lang/String;)Ljava/lang/AbstractStringBuilder; @ 1
Event: 1.478 Thread 0x000000001d3b2000 Uncommon trap: reason=unstable_if action=reinterpret pc=0x00000000051186c0 method=java.lang.AbstractStringBuilder.append(Ljava/lang/String;)Ljava/lang/AbstractStringBuilder; @ 1

Classes redefined (0 events):
No events

Internal exceptions (10 events):
Event: 1.323 Thread 0x000000001d3b2000 Exception <a 'java/lang/NoSuchMethodError': <clinit>> (0x00000000e2d56bf8) thrown at [D:\src\AOSP-openjdk-cygwin\jdk8u\hotspot\src\share\vm\prims\jni.cpp, line 1613]
Event: 1.324 Thread 0x000000001d3b2000 Exception <a 'java/lang/NoSuchMethodError': <clinit>> (0x00000000e2d62378) thrown at [D:\src\AOSP-openjdk-cygwin\jdk8u\hotspot\src\share\vm\prims\jni.cpp, line 1613]
Event: 1.429 Thread 0x000000001d3b2000 Exception <a 'java/lang/NoSuchMethodError': <clinit>> (0x00000000e301f658) thrown at [D:\src\AOSP-openjdk-cygwin\jdk8u\hotspot\src\share\vm\prims\jni.cpp, line 1613]
Event: 1.434 Thread 0x000000001d3b2000 Exception <a 'java/lang/NoSuchMethodError': <clinit>> (0x00000000e3069bb0) thrown at [D:\src\AOSP-openjdk-cygwin\jdk8u\hotspot\src\share\vm\prims\jni.cpp, line 1613]
Event: 1.435 Thread 0x000000001d3b2000 Exception <a 'java/lang/NoSuchMethodError': <clinit>> (0x00000000e3077448) thrown at [D:\src\AOSP-openjdk-cygwin\jdk8u\hotspot\src\share\vm\prims\jni.cpp, line 1613]
Event: 1.441 Thread 0x000000001d3b2000 Exception <a 'java/lang/NoSuchMethodError': <clinit>> (0x00000000e30f4af0) thrown at [D:\src\AOSP-openjdk-cygwin\jdk8u\hotspot\src\share\vm\prims\jni.cpp, line 1613]
Event: 1.441 Thread 0x000000001d3b2000 Exception <a 'java/lang/NoSuchMethodError': <clinit>> (0x00000000e30f87b0) thrown at [D:\src\AOSP-openjdk-cygwin\jdk8u\hotspot\src\share\vm\prims\jni.cpp, line 1613]
Event: 1.441 Thread 0x000000001d3b2000 Exception <a 'java/lang/NoSuchMethodError': <clinit>> (0x00000000e30fa2b8) thrown at [D:\src\AOSP-openjdk-cygwin\jdk8u\hotspot\src\share\vm\prims\jni.cpp, line 1613]
Event: 1.477 Thread 0x000000001d3b2000 Implicit null exception at 0x00000000051ac116 to 0x00000000051ac4b1
Event: 1.478 Thread 0x000000001d3b2000 Implicit null exception at 0x0000000005118316 to 0x00000000051186a9

Events (10 events):
Event: 1.486 loading class org/objectweb/asm/Opcodes
Event: 1.486 loading class org/objectweb/asm/Opcodes done
Event: 1.488 loading class org/gradle/cache/internal/DefaultPersistentDirectoryCache$Initializer
Event: 1.489 loading class org/gradle/cache/internal/DefaultPersistentDirectoryCache$Initializer done
Event: 1.489 loading class org/gradle/cache/internal/DefaultPersistentDirectoryCache$Cleanup
Event: 1.489 loading class org/gradle/cache/internal/DefaultPersistentDirectoryCache$Cleanup done
Event: 1.492 loading class org/gradle/cache/internal/FixedSharedModeCrossProcessCacheAccess$1
Event: 1.492 loading class org/gradle/cache/internal/FixedSharedModeCrossProcessCacheAccess$1 done
Event: 1.493 loading class org/gradle/groovy/scripts/internal/FileCacheBackedScriptClassCompiler$CompileToCrossBuildCacheAction
Event: 1.493 loading class org/gradle/groovy/scripts/internal/FileCacheBackedScriptClassCompiler$CompileToCrossBuildCacheAction done


Dynamic libraries:
0x00007ff7d3be0000 - 0x00007ff7d3c11000 	D:\Users\akhil\AppData\Local\AndroidStudio\jre\bin\java.exe
0x00007ffb5d0e0000 - 0x00007ffb5d2c0000 	C:\WINDOWS\SYSTEM32\ntdll.dll
0x00007ffb5c7a0000 - 0x00007ffb5c84e000 	C:\WINDOWS\System32\KERNEL32.DLL
0x00007ffb59fb0000 - 0x00007ffb5a216000 	C:\WINDOWS\System32\KERNELBASE.dll
0x00007ffb5a8c0000 - 0x00007ffb5a961000 	C:\WINDOWS\System32\ADVAPI32.dll
0x00007ffb5c920000 - 0x00007ffb5c9bd000 	C:\WINDOWS\System32\msvcrt.dll
0x00007ffb5ae40000 - 0x00007ffb5ae9b000 	C:\WINDOWS\System32\sechost.dll
0x00007ffb5b080000 - 0x00007ffb5b19f000 	C:\WINDOWS\System32\RPCRT4.dll
0x00007ffb5ab40000 - 0x00007ffb5accf000 	C:\WINDOWS\System32\USER32.dll
0x00007ffb5a220000 - 0x00007ffb5a240000 	C:\WINDOWS\System32\win32u.dll
0x00007ffb5acd0000 - 0x00007ffb5acf8000 	C:\WINDOWS\System32\GDI32.dll
0x00007ffb595f0000 - 0x00007ffb59783000 	C:\WINDOWS\System32\gdi32full.dll
0x00007ffb5a240000 - 0x00007ffb5a2db000 	C:\WINDOWS\System32\msvcp_win.dll
0x00007ffb5a4b0000 - 0x00007ffb5a5a6000 	C:\WINDOWS\System32\ucrtbase.dll
0x00007ffb4f140000 - 0x00007ffb4f3a9000 	C:\WINDOWS\WinSxS\amd64_microsoft.windows.common-controls_6595b64144ccf1df_6.0.16299.192_none_15c8cdae9364c23b\COMCTL32.dll
0x00007ffb5a5b0000 - 0x00007ffb5a8b8000 	C:\WINDOWS\System32\combase.dll
0x00007ffb597e0000 - 0x00007ffb59852000 	C:\WINDOWS\System32\bcryptPrimitives.dll
0x00007ffb5ad00000 - 0x00007ffb5ad2d000 	C:\WINDOWS\System32\IMM32.DLL
0x0000000051400000 - 0x00000000514d2000 	D:\Users\akhil\AppData\Local\AndroidStudio\jre\jre\bin\msvcr100.dll
0x0000000051550000 - 0x0000000051d8e000 	D:\Users\akhil\AppData\Local\AndroidStudio\jre\jre\bin\server\jvm.dll
0x00007ffb5c620000 - 0x00007ffb5c628000 	C:\WINDOWS\System32\PSAPI.DLL
0x00007ffb491e0000 - 0x00007ffb491e9000 	C:\WINDOWS\SYSTEM32\WSOCK32.dll
0x00007ffb576f0000 - 0x00007ffb57713000 	C:\WINDOWS\SYSTEM32\WINMM.dll
0x00007ffb54a40000 - 0x00007ffb54a4a000 	C:\WINDOWS\SYSTEM32\VERSION.dll
0x00007ffb5b010000 - 0x00007ffb5b07c000 	C:\WINDOWS\System32\WS2_32.dll
0x00007ffb57690000 - 0x00007ffb576ba000 	C:\WINDOWS\SYSTEM32\winmmbase.dll
0x00007ffb59790000 - 0x00007ffb597da000 	C:\WINDOWS\System32\cfgmgr32.dll
0x00007ffb56230000 - 0x00007ffb5623f000 	D:\Users\akhil\AppData\Local\AndroidStudio\jre\jre\bin\verify.dll
0x00007ffb56200000 - 0x00007ffb56229000 	D:\Users\akhil\AppData\Local\AndroidStudio\jre\jre\bin\java.dll
0x00007ffb53bd0000 - 0x00007ffb53be6000 	D:\Users\akhil\AppData\Local\AndroidStudio\jre\jre\bin\zip.dll
0x00007ffb5b1d0000 - 0x00007ffb5c606000 	C:\WINDOWS\System32\SHELL32.dll
0x00007ffb5c630000 - 0x00007ffb5c6d6000 	C:\WINDOWS\System32\shcore.dll
0x00007ffb59860000 - 0x00007ffb59fa7000 	C:\WINDOWS\System32\windows.storage.dll
0x00007ffb5c6e0000 - 0x00007ffb5c731000 	C:\WINDOWS\System32\shlwapi.dll
0x00007ffb594a0000 - 0x00007ffb594b1000 	C:\WINDOWS\System32\kernel.appcore.dll
0x00007ffb59430000 - 0x00007ffb5947c000 	C:\WINDOWS\System32\powrprof.dll
0x00007ffb59480000 - 0x00007ffb5949b000 	C:\WINDOWS\System32\profapi.dll
0x00007ffb53b20000 - 0x00007ffb53b3a000 	D:\Users\akhil\AppData\Local\AndroidStudio\jre\jre\bin\net.dll
0x00007ffb58cc0000 - 0x00007ffb58d26000 	C:\WINDOWS\system32\mswsock.dll
0x00007ffb53b00000 - 0x00007ffb53b11000 	D:\Users\akhil\AppData\Local\AndroidStudio\jre\jre\bin\nio.dll
0x00007ffb48880000 - 0x00007ffb4889e000 	C:\Users\akhil\.gradle\native\25\windows-amd64\native-platform.dll
0x00007ffb53bc0000 - 0x00007ffb53bcd000 	D:\Users\akhil\AppData\Local\AndroidStudio\jre\jre\bin\management.dll
0x00007ffb58e80000 - 0x00007ffb58e97000 	C:\WINDOWS\SYSTEM32\CRYPTSP.dll
0x00007ffb58870000 - 0x00007ffb588a3000 	C:\WINDOWS\system32\rsaenh.dll
0x00007ffb58f90000 - 0x00007ffb58fb5000 	C:\WINDOWS\SYSTEM32\bcrypt.dll
0x00007ffb59330000 - 0x00007ffb59359000 	C:\WINDOWS\SYSTEM32\USERENV.dll
0x00007ffb58ea0000 - 0x00007ffb58eab000 	C:\WINDOWS\SYSTEM32\CRYPTBASE.dll
0x00007ffb58a50000 - 0x00007ffb58a89000 	C:\WINDOWS\SYSTEM32\IPHLPAPI.DLL
0x00007ffb5b1c0000 - 0x00007ffb5b1c8000 	C:\WINDOWS\System32\NSI.dll
0x00007ffb54ae0000 - 0x00007ffb54af6000 	C:\WINDOWS\SYSTEM32\dhcpcsvc6.DLL
0x00007ffb54cc0000 - 0x00007ffb54cda000 	C:\WINDOWS\SYSTEM32\dhcpcsvc.DLL

VM Arguments:
jvm_args: -Xmx1536m -Dfile.encoding=windows-1252 -Duser.country=US -Duser.language=en -Duser.variant 
java_command: org.gradle.launcher.daemon.bootstrap.GradleDaemon 4.1
java_class_path (initial): C:\Users\akhil\.gradle\wrapper\dists\gradle-4.1-all\bzyivzo6n839fup2jbap0tjew\gradle-4.1\lib\gradle-launcher-4.1.jar
Launcher Type: SUN_STANDARD

Environment Variables:
PATH=C:\Program Files (x86)\Intel\Intel(R) Management Engine Components\iCLS\;C:\Program Files\Intel\Intel(R) Management Engine Components\iCLS\;C:\Program Files (x86)\Common Files\Intel\Shared Libraries\redist\intel64\compiler;C:\Program Files (x86)\Razer Chroma SDK\bin;C:\Program Files\Razer Chroma SDK\bin;C:\ProgramData\Oracle\Java\javapath;C:\Windows\system32;C:\Windows;C:\Windows\System32\Wbem;C:\Windows\System32\WindowsPowerShell\v1.0\;C:\Users\akhil\AppData\Local\Microsoft\WindowsApps;C:\WINDOWS\system32;C:\WINDOWS;C:\WINDOWS\System32\Wbem;C:\WINDOWS\System32\WindowsPowerShell\v1.0\;C:\Program Files\Common Files\Autodesk Shared\;C:\Program Files (x86)\Intel\Intel(R) Management Engine Components\DAL;C:\Program Files\Intel\Intel(R) Management Engine Components\DAL;C:\Program Files (x86)\Intel\Intel(R) Management Engine Components\IPT;C:\Program Files\Intel\Intel(R) Management Engine Components\IPT;C:\Program Files (x86)\GtkSharp\2.12\bin;C:\Program Files (x86)\Windows Kits\8.1\Windows Performance Toolkit\;C:\Users\akhil\AppData\Local\Programs\Python\Python36-32\Scripts\;C:\Users\akhil\AppData\Local\Programs\Python\Python36-32\;C:\Users\akhil\AppData\Local\Programs\Python\Python36\Scripts\;C:\Users\akhil\AppData\Local\Programs\Python\Python36\;C:\Users\akhil\AppData\Local\Microsoft\WindowsApps;C:\Program Files\Java\jdk-9.0.1\bin;
USERNAME=akhil
OS=Windows_NT
PROCESSOR_IDENTIFIER=Intel64 Family 6 Model 158 Stepping 9, GenuineIntel



---------------  S Y S T E M  ---------------

OS: Windows 10.0 , 64 bit Build 16299 (10.0.16299.15)

CPU:total 8 (initial active 8) (4 cores per cpu, 2 threads per core) family 6 model 158 stepping 9, cmov, cx8, fxsr, mmx, sse, sse2, sse3, ssse3, sse4.1, sse4.2, popcnt, avx, avx2, aes, clmul, erms, rtm, 3dnowpref, lzcnt, ht, tsc, tscinvbit, bmi1, bmi2, adx

Memory: 4k page, physical 16708800k(5754156k free), swap 17757376k(5028k free)

vm_info: OpenJDK 64-Bit Server VM (25.152-b01) for windows-amd64 JRE (1.8.0_152-release-915-b01), built by "builder" with MS VC++ 10.0 (VS2010)

time: Thu Feb 22 20:23:14 2018
elapsed time: 1 seconds (0d 0h 0m 1s)

