#
# There is insufficient memory for the Java Runtime Environment to continue.
# Native memory allocation (malloc) failed to allocate 2244496 bytes for Chunk::new
# Possible reasons:
#   The system is out of physical RAM or swap space
#   In 32 bit mode, the process size limit was hit
# Possible solutions:
#   Reduce memory load on the system
#   Increase physical memory or swap space
#   Check if swap backing store is full
#   Use 64 bit Java on a 64 bit OS
#   Decrease Java heap size (-Xmx/-Xms)
#   Decrease number of Java threads
#   Decrease Java thread stack sizes (-Xss)
#   Set larger code cache with -XX:ReservedCodeCacheSize=
# This output file may be truncated or incomplete.
#
#  Out of Memory Error (allocation.cpp:390), pid=5928, tid=0x0000000000000f6c
#
# JRE version: OpenJDK Runtime Environment (8.0_152-b01) (build 1.8.0_152-release-915-b01)
# Java VM: OpenJDK 64-Bit Server VM (25.152-b01 mixed mode windows-amd64 compressed oops)
# Failed to write core dump. Minidumps are not enabled by default on client versions of Windows
#

---------------  T H R E A D  ---------------

Current thread (0x000000001a5f9000):  JavaThread "C2 CompilerThread0" daemon [_thread_in_native, id=3948, stack(0x000000001adc0000,0x000000001aec0000)]

Stack: [0x000000001adc0000,0x000000001aec0000]
[error occurred during error reporting (printing stack bounds), id 0xc0000005]

Native frames: (J=compiled Java code, j=interpreted, Vv=VM code, C=native code)


Current CompileTask:
C2:   1958 1416   !   4       java.net.URLClassLoader$1::run (63 bytes)


---------------  P R O C E S S  ---------------

Java Threads: ( => current thread )
  0x000000001c998800 JavaThread "Cache worker for file hash cache (C:\Users\akhil\Documents\Apps\EarthquakePreparednessProject\.gradle\4.1\fileHashes)" [_thread_blocked, id=6168, stack(0x000000001f3a0000,0x000000001f4a0000)]
  0x000000001c998000 JavaThread "File lock request listener" [_thread_in_native, id=12772, stack(0x000000001e0d0000,0x000000001e1d0000)]
  0x000000001c854800 JavaThread "Cache worker for file hash cache (C:\Users\akhil\.gradle\caches\4.1\fileHashes)" [_thread_blocked, id=12088, stack(0x000000001dfd0000,0x000000001e0d0000)]
  0x000000001c23d800 JavaThread "Stdin handler" [_thread_blocked, id=2652, stack(0x000000001ddd0000,0x000000001ded0000)]
  0x000000001c4a1000 JavaThread "Asynchronous log dispatcher for DefaultDaemonConnection: socket connection from /127.0.0.1:54742 to /127.0.0.1:54743" [_thread_blocked, id=4104, stack(0x000000001dcd0000,0x000000001ddd0000)]
  0x000000001c3a7800 JavaThread "Daemon worker" [_thread_in_native, id=14088, stack(0x000000001dbd0000,0x000000001dcd0000)]
  0x000000001c1d9800 JavaThread "Cancel handler" [_thread_blocked, id=14076, stack(0x000000001dad0000,0x000000001dbd0000)]
  0x000000001c291800 JavaThread "Handler for socket connection from /127.0.0.1:54742 to /127.0.0.1:54743" [_thread_in_native, id=10476, stack(0x000000001d7d0000,0x000000001d8d0000)]
  0x000000001c2a0800 JavaThread "Daemon" [_thread_blocked, id=7348, stack(0x000000001d6d0000,0x000000001d7d0000)]
  0x000000001c32d800 JavaThread "Daemon periodic checks" [_thread_blocked, id=6880, stack(0x000000001d5d0000,0x000000001d6d0000)]
  0x000000001c85e800 JavaThread "Incoming local TCP Connector on port 54742" [_thread_in_native, id=7252, stack(0x000000001d0d0000,0x000000001d1d0000)]
  0x000000001a68a000 JavaThread "Service Thread" daemon [_thread_blocked, id=1952, stack(0x000000001b1c0000,0x000000001b2c0000)]
  0x00000000186ee000 JavaThread "C1 CompilerThread3" daemon [_thread_blocked, id=7356, stack(0x000000001b0c0000,0x000000001b1c0000)]
  0x000000001a601800 JavaThread "C2 CompilerThread2" daemon [_thread_in_native, id=5444, stack(0x000000001afc0000,0x000000001b0c0000)]
  0x000000001a5ff800 JavaThread "C2 CompilerThread1" daemon [_thread_in_native, id=14136, stack(0x000000001aec0000,0x000000001afc0000)]
=>0x000000001a5f9000 JavaThread "C2 CompilerThread0" daemon [_thread_in_native, id=3948, stack(0x000000001adc0000,0x000000001aec0000)]
  0x000000001a5f7000 JavaThread "Attach Listener" daemon [_thread_blocked, id=12440, stack(0x000000001acc0000,0x000000001adc0000)]
  0x000000001a606800 JavaThread "Signal Dispatcher" daemon [_thread_blocked, id=9956, stack(0x000000001abc0000,0x000000001acc0000)]
  0x000000001a5f0800 JavaThread "Finalizer" daemon [_thread_blocked, id=4160, stack(0x000000001a9d0000,0x000000001aad0000)]
  0x0000000004919000 JavaThread "Reference Handler" daemon [_thread_blocked, id=14104, stack(0x000000001a4d0000,0x000000001a5d0000)]
  0x00000000047ee000 JavaThread "main" [_thread_blocked, id=5896, stack(0x0000000004690000,0x0000000004790000)]

Other Threads:
  0x00000000186d7000 VMThread [stack: 0x000000001a3d0000,0x000000001a4d0000] [id=14004]
  0x000000001a68a800 WatcherThread [stack: 0x000000001b2c0000,0x000000001b3c0000] [id=11968]

VM state:not at safepoint (normal execution)

VM Mutex/Monitor currently owned by a thread: None

Heap:
 PSYoungGen      total 76288K, used 62774K [0x00000000e0000000, 0x00000000e5500000, 0x0000000100000000)
  eden space 65536K, 83% used [0x00000000e0000000,0x00000000e3593908,0x00000000e4000000)
  from space 10752K, 73% used [0x00000000e4000000,0x00000000e47ba140,0x00000000e4a80000)
  to   space 10752K, 0% used [0x00000000e4a80000,0x00000000e4a80000,0x00000000e5500000)
 ParOldGen       total 175104K, used 16K [0x00000000a0000000, 0x00000000aab00000, 0x00000000e0000000)
  object space 175104K, 0% used [0x00000000a0000000,0x00000000a0004000,0x00000000aab00000)
 Metaspace       used 17199K, capacity 17566K, committed 17792K, reserved 1064960K
  class space    used 2447K, capacity 2567K, committed 2688K, reserved 1048576K

Card table byte_map: [0x0000000013ce0000,0x0000000013ff0000] byte_map_base: 0x00000000137e0000

Marking Bits: (ParMarkBitMap*) 0x0000000051d13950
 Begin Bits: [0x00000000149f0000, 0x00000000161f0000)
 End Bits:   [0x00000000161f0000, 0x00000000179f0000)

Polling page: 0x00000000029f0000

CodeCache: size=245760Kb used=5338Kb max_used=5351Kb free=240421Kb
 bounds [0x0000000004920000, 0x0000000004e60000, 0x0000000013920000]
 total_blobs=1956 nmethods=1578 adapters=291
 compilation: enabled

Compilation events (10 events):
Event: 1.883 Thread 0x00000000186ee000 1520       3       java.io.FilterOutputStream::<init> (10 bytes)
Event: 1.884 Thread 0x00000000186ee000 nmethod 1520 0x0000000004e24c10 code [0x0000000004e24d80, 0x0000000004e24fb0]
Event: 1.884 Thread 0x00000000186ee000 1521  s    3       java.io.BufferedOutputStream::write (35 bytes)
Event: 1.884 Thread 0x00000000186ee000 nmethod 1521 0x0000000004e25090 code [0x0000000004e25220, 0x0000000004e256e8]
Event: 1.886 Thread 0x00000000186ee000 1522       3       java.lang.Long::valueOf (36 bytes)
Event: 1.886 Thread 0x00000000186ee000 nmethod 1522 0x0000000004e258d0 code [0x0000000004e25a40, 0x0000000004e25db0]
Event: 1.886 Thread 0x00000000186ee000 1523       3       java.util.concurrent.locks.AbstractQueuedSynchronizer::release (33 bytes)
Event: 1.886 Thread 0x00000000186ee000 nmethod 1523 0x0000000004e25f90 code [0x0000000004e26100, 0x0000000004e26418]
Event: 1.896 Thread 0x00000000186ee000 1524       1       java.nio.Buffer::capacity (5 bytes)
Event: 1.896 Thread 0x00000000186ee000 nmethod 1524 0x0000000004e26510 code [0x0000000004e26660, 0x0000000004e26770]

GC Heap History (2 events):
Event: 1.396 GC heap before
{Heap before GC invocations=1 (full 0):
 PSYoungGen      total 76288K, used 65536K [0x00000000e0000000, 0x00000000e5500000, 0x0000000100000000)
  eden space 65536K, 100% used [0x00000000e0000000,0x00000000e4000000,0x00000000e4000000)
  from space 10752K, 0% used [0x00000000e4a80000,0x00000000e4a80000,0x00000000e5500000)
  to   space 10752K, 0% used [0x00000000e4000000,0x00000000e4000000,0x00000000e4a80000)
 ParOldGen       total 175104K, used 0K [0x00000000a0000000, 0x00000000aab00000, 0x00000000e0000000)
  object space 175104K, 0% used [0x00000000a0000000,0x00000000a0000000,0x00000000aab00000)
 Metaspace       used 11709K, capacity 11994K, committed 12160K, reserved 1060864K
  class space    used 1544K, capacity 1653K, committed 1664K, reserved 1048576K
Event: 1.402 GC heap after
Heap after GC invocations=1 (full 0):
 PSYoungGen      total 76288K, used 7912K [0x00000000e0000000, 0x00000000e5500000, 0x0000000100000000)
  eden space 65536K, 0% used [0x00000000e0000000,0x00000000e0000000,0x00000000e4000000)
  from space 10752K, 73% used [0x00000000e4000000,0x00000000e47ba140,0x00000000e4a80000)
  to   space 10752K, 0% used [0x00000000e4a80000,0x00000000e4a80000,0x00000000e5500000)
 ParOldGen       total 175104K, used 16K [0x00000000a0000000, 0x00000000aab00000, 0x00000000e0000000)
  object space 175104K, 0% used [0x00000000a0000000,0x00000000a0004000,0x00000000aab00000)
 Metaspace       used 11709K, capacity 11994K, committed 12160K, reserved 1060864K
  class space    used 1544K, capacity 1653K, committed 1664K, reserved 1048576K
}

Deoptimization events (10 events):
Event: 0.762 Thread 0x00000000047ee000 Uncommon trap: reason=bimorphic action=maybe_recompile pc=0x0000000004c1f274 method=java.util.HashMap.putVal(ILjava/lang/Object;Ljava/lang/Object;ZZ)Ljava/lang/Object; @ 203
Event: 0.882 Thread 0x00000000047ee000 Uncommon trap: reason=unstable_if action=reinterpret pc=0x0000000004c14d78 method=java.io.WinNTFileSystem.normalize(Ljava/lang/String;)Ljava/lang/String; @ 128
Event: 0.882 Thread 0x00000000047ee000 Uncommon trap: reason=unstable_if action=reinterpret pc=0x0000000004c042f8 method=java.io.WinNTFileSystem.normalize(Ljava/lang/String;II)Ljava/lang/String; @ 90
Event: 1.442 Thread 0x000000001c3a7800 Uncommon trap: reason=bimorphic action=maybe_recompile pc=0x0000000004c1ebd4 method=java.util.HashMap.putVal(ILjava/lang/Object;Ljava/lang/Object;ZZ)Ljava/lang/Object; @ 253
Event: 1.442 Thread 0x000000001c3a7800 Uncommon trap: reason=bimorphic action=maybe_recompile pc=0x0000000004c1ebd4 method=java.util.HashMap.putVal(ILjava/lang/Object;Ljava/lang/Object;ZZ)Ljava/lang/Object; @ 253
Event: 1.573 Thread 0x000000001c3a7800 Uncommon trap: reason=class_check action=maybe_recompile pc=0x0000000004b7bc9c method=java.util.regex.Matcher.match(II)Z @ 86
Event: 1.573 Thread 0x000000001c3a7800 Uncommon trap: reason=class_check action=maybe_recompile pc=0x0000000004b7bc9c method=java.util.regex.Matcher.match(II)Z @ 86
Event: 1.631 Thread 0x000000001c3a7800 Uncommon trap: reason=unstable_if action=reinterpret pc=0x0000000004d7b874 method=java.lang.String.lastIndexOf([CII[CIII)I @ 66
Event: 1.872 Thread 0x000000001c3a7800 Uncommon trap: reason=unstable_if action=reinterpret pc=0x0000000004bcdcc8 method=java.lang.AbstractStringBuilder.append(Ljava/lang/String;)Ljava/lang/AbstractStringBuilder; @ 1
Event: 1.872 Thread 0x000000001c3a7800 Uncommon trap: reason=unstable_if action=reinterpret pc=0x0000000004b2cd40 method=java.lang.AbstractStringBuilder.append(Ljava/lang/String;)Ljava/lang/AbstractStringBuilder; @ 1

Classes redefined (0 events):
No events

Internal exceptions (10 events):
Event: 1.389 Thread 0x000000001c291800 Exception <a 'java/lang/NoSuchMethodError': <clinit>> (0x00000000e3efad40) thrown at [D:\src\AOSP-openjdk-cygwin\jdk8u\hotspot\src\share\vm\prims\jni.cpp, line 1613]
Event: 1.391 Thread 0x000000001c291800 Exception <a 'java/lang/NoSuchMethodError': <clinit>> (0x00000000e3f1fae0) thrown at [D:\src\AOSP-openjdk-cygwin\jdk8u\hotspot\src\share\vm\prims\jni.cpp, line 1613]
Event: 1.413 Thread 0x000000001c3a7800 Exception <a 'java/lang/NoSuchMethodError': <clinit>> (0x00000000e03c70e0) thrown at [D:\src\AOSP-openjdk-cygwin\jdk8u\hotspot\src\share\vm\prims\jni.cpp, line 1613]
Event: 1.413 Thread 0x000000001c3a7800 Exception <a 'java/lang/NoSuchMethodError': <clinit>> (0x00000000e03cf368) thrown at [D:\src\AOSP-openjdk-cygwin\jdk8u\hotspot\src\share\vm\prims\jni.cpp, line 1613]
Event: 1.788 Thread 0x000000001c3a7800 Exception <a 'java/lang/NoSuchMethodError': <clinit>> (0x00000000e2d43788) thrown at [D:\src\AOSP-openjdk-cygwin\jdk8u\hotspot\src\share\vm\prims\jni.cpp, line 1613]
Event: 1.788 Thread 0x000000001c3a7800 Exception <a 'java/lang/NoSuchMethodError': <clinit>> (0x00000000e2d46128) thrown at [D:\src\AOSP-openjdk-cygwin\jdk8u\hotspot\src\share\vm\prims\jni.cpp, line 1613]
Event: 1.788 Thread 0x000000001c3a7800 Exception <a 'java/lang/NoSuchMethodError': <clinit>> (0x00000000e2d538c8) thrown at [D:\src\AOSP-openjdk-cygwin\jdk8u\hotspot\src\share\vm\prims\jni.cpp, line 1613]
Event: 1.789 Thread 0x000000001c3a7800 Exception <a 'java/lang/NoSuchMethodError': <clinit>> (0x00000000e2d5f048) thrown at [D:\src\AOSP-openjdk-cygwin\jdk8u\hotspot\src\share\vm\prims\jni.cpp, line 1613]
Event: 1.872 Thread 0x000000001c3a7800 Implicit null exception at 0x0000000004bcd916 to 0x0000000004bcdcb1
Event: 1.872 Thread 0x000000001c3a7800 Implicit null exception at 0x0000000004b2c996 to 0x0000000004b2cd29

Events (10 events):
Event: 1.890 loading class com/google/common/io/ByteStreams$1 done
Event: 1.891 loading class org/gradle/internal/logging/sink/ProgressLogEventGenerator$1
Event: 1.891 loading class org/gradle/internal/logging/sink/ProgressLogEventGenerator$1 done
Event: 1.892 loading class sun/nio/cs/ISO_8859_1$Encoder
Event: 1.900 loading class sun/nio/cs/ISO_8859_1$Encoder done
Event: 1.900 loading class sun/nio/cs/Surrogate$Parser
Event: 1.904 loading class sun/nio/cs/Surrogate$Parser done
Event: 1.904 loading class sun/nio/cs/Surrogate
Event: 1.915 loading class sun/nio/cs/Surrogate done
Event: 1.915 loading class java/util/Collections$EmptyEnumeration


Dynamic libraries:
0x00007ff7d3be0000 - 0x00007ff7d3c11000 	D:\Users\akhil\AppData\Local\AndroidStudio\jre\bin\java.exe
0x00007ffb5d0e0000 - 0x00007ffb5d2c0000 	C:\WINDOWS\SYSTEM32\ntdll.dll
0x00007ffb5c7a0000 - 0x00007ffb5c84e000 	C:\WINDOWS\System32\KERNEL32.DLL
0x00007ffb59fb0000 - 0x00007ffb5a216000 	C:\WINDOWS\System32\KERNELBASE.dll
0x00007ffb5a8c0000 - 0x00007ffb5a961000 	C:\WINDOWS\System32\ADVAPI32.dll
0x00007ffb5c920000 - 0x00007ffb5c9bd000 	C:\WINDOWS\System32\msvcrt.dll
0x00007ffb5ae40000 - 0x00007ffb5ae9b000 	C:\WINDOWS\System32\sechost.dll
0x00007ffb5b080000 - 0x00007ffb5b19f000 	C:\WINDOWS\System32\RPCRT4.dll
0x00007ffb5ab40000 - 0x00007ffb5accf000 	C:\WINDOWS\System32\USER32.dll
0x00007ffb5a220000 - 0x00007ffb5a240000 	C:\WINDOWS\System32\win32u.dll
0x00007ffb5acd0000 - 0x00007ffb5acf8000 	C:\WINDOWS\System32\GDI32.dll
0x00007ffb595f0000 - 0x00007ffb59783000 	C:\WINDOWS\System32\gdi32full.dll
0x00007ffb5a240000 - 0x00007ffb5a2db000 	C:\WINDOWS\System32\msvcp_win.dll
0x00007ffb5a4b0000 - 0x00007ffb5a5a6000 	C:\WINDOWS\System32\ucrtbase.dll
0x00007ffb4f140000 - 0x00007ffb4f3a9000 	C:\WINDOWS\WinSxS\amd64_microsoft.windows.common-controls_6595b64144ccf1df_6.0.16299.192_none_15c8cdae9364c23b\COMCTL32.dll
0x00007ffb5a5b0000 - 0x00007ffb5a8b8000 	C:\WINDOWS\System32\combase.dll
0x00007ffb597e0000 - 0x00007ffb59852000 	C:\WINDOWS\System32\bcryptPrimitives.dll
0x00007ffb5ad00000 - 0x00007ffb5ad2d000 	C:\WINDOWS\System32\IMM32.DLL
0x0000000051400000 - 0x00000000514d2000 	D:\Users\akhil\AppData\Local\AndroidStudio\jre\jre\bin\msvcr100.dll
0x0000000051550000 - 0x0000000051d8e000 	D:\Users\akhil\AppData\Local\AndroidStudio\jre\jre\bin\server\jvm.dll
0x00007ffb5c620000 - 0x00007ffb5c628000 	C:\WINDOWS\System32\PSAPI.DLL
0x00007ffb491e0000 - 0x00007ffb491e9000 	C:\WINDOWS\SYSTEM32\WSOCK32.dll
0x00007ffb54a40000 - 0x00007ffb54a4a000 	C:\WINDOWS\SYSTEM32\VERSION.dll
0x00007ffb576f0000 - 0x00007ffb57713000 	C:\WINDOWS\SYSTEM32\WINMM.dll
0x00007ffb5b010000 - 0x00007ffb5b07c000 	C:\WINDOWS\System32\WS2_32.dll
0x00007ffb57690000 - 0x00007ffb576ba000 	C:\WINDOWS\SYSTEM32\winmmbase.dll
0x00007ffb59790000 - 0x00007ffb597da000 	C:\WINDOWS\System32\cfgmgr32.dll
0x00007ffb56230000 - 0x00007ffb5623f000 	D:\Users\akhil\AppData\Local\AndroidStudio\jre\jre\bin\verify.dll
0x00007ffb56200000 - 0x00007ffb56229000 	D:\Users\akhil\AppData\Local\AndroidStudio\jre\jre\bin\java.dll
0x00007ffb53bd0000 - 0x00007ffb53be6000 	D:\Users\akhil\AppData\Local\AndroidStudio\jre\jre\bin\zip.dll
0x00007ffb5b1d0000 - 0x00007ffb5c606000 	C:\WINDOWS\System32\SHELL32.dll
0x00007ffb5c630000 - 0x00007ffb5c6d6000 	C:\WINDOWS\System32\shcore.dll
0x00007ffb59860000 - 0x00007ffb59fa7000 	C:\WINDOWS\System32\windows.storage.dll
0x00007ffb5c6e0000 - 0x00007ffb5c731000 	C:\WINDOWS\System32\shlwapi.dll
0x00007ffb594a0000 - 0x00007ffb594b1000 	C:\WINDOWS\System32\kernel.appcore.dll
0x00007ffb59430000 - 0x00007ffb5947c000 	C:\WINDOWS\System32\powrprof.dll
0x00007ffb59480000 - 0x00007ffb5949b000 	C:\WINDOWS\System32\profapi.dll
0x00007ffb53b20000 - 0x00007ffb53b3a000 	D:\Users\akhil\AppData\Local\AndroidStudio\jre\jre\bin\net.dll
0x00007ffb58cc0000 - 0x00007ffb58d26000 	C:\WINDOWS\system32\mswsock.dll
0x00007ffb53b00000 - 0x00007ffb53b11000 	D:\Users\akhil\AppData\Local\AndroidStudio\jre\jre\bin\nio.dll
0x00007ffb48880000 - 0x00007ffb4889e000 	C:\Users\akhil\.gradle\native\25\windows-amd64\native-platform.dll
0x00007ffb53bc0000 - 0x00007ffb53bcd000 	D:\Users\akhil\AppData\Local\AndroidStudio\jre\jre\bin\management.dll
0x00007ffb58e80000 - 0x00007ffb58e97000 	C:\WINDOWS\SYSTEM32\CRYPTSP.dll
0x00007ffb58870000 - 0x00007ffb588a3000 	C:\WINDOWS\system32\rsaenh.dll
0x00007ffb58f90000 - 0x00007ffb58fb5000 	C:\WINDOWS\SYSTEM32\bcrypt.dll
0x00007ffb59330000 - 0x00007ffb59359000 	C:\WINDOWS\SYSTEM32\USERENV.dll
0x00007ffb58ea0000 - 0x00007ffb58eab000 	C:\WINDOWS\SYSTEM32\CRYPTBASE.dll
0x00007ffb58a50000 - 0x00007ffb58a89000 	C:\WINDOWS\SYSTEM32\IPHLPAPI.DLL
0x00007ffb5b1c0000 - 0x00007ffb5b1c8000 	C:\WINDOWS\System32\NSI.dll
0x00007ffb54ae0000 - 0x00007ffb54af6000 	C:\WINDOWS\SYSTEM32\dhcpcsvc6.DLL
0x00007ffb54cc0000 - 0x00007ffb54cda000 	C:\WINDOWS\SYSTEM32\dhcpcsvc.DLL

VM Arguments:
jvm_args: -Xmx1536m -Dfile.encoding=windows-1252 -Duser.country=US -Duser.language=en -Duser.variant 
java_command: org.gradle.launcher.daemon.bootstrap.GradleDaemon 4.1
java_class_path (initial): C:\Users\akhil\.gradle\wrapper\dists\gradle-4.1-all\bzyivzo6n839fup2jbap0tjew\gradle-4.1\lib\gradle-launcher-4.1.jar
Launcher Type: SUN_STANDARD

Environment Variables:
PATH=C:\Program Files (x86)\Intel\Intel(R) Management Engine Components\iCLS\;C:\Program Files\Intel\Intel(R) Management Engine Components\iCLS\;C:\Program Files (x86)\Common Files\Intel\Shared Libraries\redist\intel64\compiler;C:\Program Files (x86)\Razer Chroma SDK\bin;C:\Program Files\Razer Chroma SDK\bin;C:\ProgramData\Oracle\Java\javapath;C:\Windows\system32;C:\Windows;C:\Windows\System32\Wbem;C:\Windows\System32\WindowsPowerShell\v1.0\;C:\Users\akhil\AppData\Local\Microsoft\WindowsApps;C:\WINDOWS\system32;C:\WINDOWS;C:\WINDOWS\System32\Wbem;C:\WINDOWS\System32\WindowsPowerShell\v1.0\;C:\Program Files\Common Files\Autodesk Shared\;C:\Program Files (x86)\Intel\Intel(R) Management Engine Components\DAL;C:\Program Files\Intel\Intel(R) Management Engine Components\DAL;C:\Program Files (x86)\Intel\Intel(R) Management Engine Components\IPT;C:\Program Files\Intel\Intel(R) Management Engine Components\IPT;C:\Program Files (x86)\GtkSharp\2.12\bin;C:\Program Files (x86)\Windows Kits\8.1\Windows Performance Toolkit\;C:\Users\akhil\AppData\Local\Programs\Python\Python36-32\Scripts\;C:\Users\akhil\AppData\Local\Programs\Python\Python36-32\;C:\Users\akhil\AppData\Local\Programs\Python\Python36\Scripts\;C:\Users\akhil\AppData\Local\Programs\Python\Python36\;C:\Users\akhil\AppData\Local\Microsoft\WindowsApps;C:\Program Files\Java\jdk-9.0.1\bin;
USERNAME=akhil
OS=Windows_NT
PROCESSOR_IDENTIFIER=Intel64 Family 6 Model 158 Stepping 9, GenuineIntel



---------------  S Y S T E M  ---------------

OS: Windows 10.0 , 64 bit Build 16299 (10.0.16299.15)

CPU:total 8 (initial active 8) (4 cores per cpu, 2 threads per core) family 6 model 158 stepping 9, cmov, cx8, fxsr, mmx, sse, sse2, sse3, ssse3, sse4.1, sse4.2, popcnt, avx, avx2, aes, clmul, erms, rtm, 3dnowpref, lzcnt, ht, tsc, tscinvbit, bmi1, bmi2, adx

Memory: 4k page, physical 16708800k(4569940k free), swap 17757376k(5316k free)

vm_info: OpenJDK 64-Bit Server VM (25.152-b01) for windows-amd64 JRE (1.8.0_152-release-915-b01), built by "builder" with MS VC++ 10.0 (VS2010)

time: Thu Feb 22 20:23:06 2018
elapsed time: 1 seconds (0d 0h 0m 1s)

